Analysis & Synthesis report for adc-uart
Wed Jan 16 11:02:40 2019
Quartus Prime Version 18.1.0 Build 625 09/12/2018 SJ Lite Edition


---------------------
; Table of Contents ;
---------------------
  1. Legal Notice
  2. Analysis & Synthesis Summary
  3. Analysis & Synthesis Settings
  4. Parallel Compilation
  5. Analysis & Synthesis Source Files Read
  6. Analysis & Synthesis Resource Usage Summary
  7. Analysis & Synthesis Resource Utilization by Entity
  8. State Machine - |ADCModule|prepare_state_sig
  9. State Machine - |ADCModule|adc_state_sig
 10. State Machine - |ADCModule|state_sig
 11. State Machine - |ADCModule|sending_state_sig
 12. User-Specified and Inferred Latches
 13. Registers Removed During Synthesis
 14. General Register Statistics
 15. Inverted Register Statistics
 16. Multiplexer Restructuring Statistics (Restructuring Performed)
 17. Post-Synthesis Netlist Statistics for Top Partition
 18. Elapsed Time Per Partition
 19. Analysis & Synthesis Messages



----------------
; Legal Notice ;
----------------
Copyright (C) 2018  Intel Corporation. All rights reserved.
Your use of Intel Corporation's design tools, logic functions 
and other software and tools, and its AMPP partner logic 
functions, and any output files from any of the foregoing 
(including device programming or simulation files), and any 
associated documentation or information are expressly subject 
to the terms and conditions of the Intel Program License 
Subscription Agreement, the Intel Quartus Prime License Agreement,
the Intel FPGA IP License Agreement, or other applicable license
agreement, including, without limitation, that your use is for
the sole purpose of programming logic devices manufactured by
Intel and sold by Intel or its authorized distributors.  Please
refer to the applicable agreement for further details.



+-------------------------------------------------------------------------------+
; Analysis & Synthesis Summary                                                  ;
+---------------------------------+---------------------------------------------+
; Analysis & Synthesis Status     ; Successful - Wed Jan 16 11:02:40 2019       ;
; Quartus Prime Version           ; 18.1.0 Build 625 09/12/2018 SJ Lite Edition ;
; Revision Name                   ; adc-uart                                    ;
; Top-level Entity Name           ; ADCModule                                   ;
; Family                          ; Cyclone V                                   ;
; Logic utilization (in ALMs)     ; N/A                                         ;
; Total registers                 ; 141                                         ;
; Total pins                      ; 7                                           ;
; Total virtual pins              ; 0                                           ;
; Total block memory bits         ; 0                                           ;
; Total DSP Blocks                ; 0                                           ;
; Total HSSI RX PCSs              ; 0                                           ;
; Total HSSI PMA RX Deserializers ; 0                                           ;
; Total HSSI TX PCSs              ; 0                                           ;
; Total HSSI PMA TX Serializers   ; 0                                           ;
; Total PLLs                      ; 0                                           ;
; Total DLLs                      ; 0                                           ;
+---------------------------------+---------------------------------------------+


+---------------------------------------------------------------------------------------------------------------------------+
; Analysis & Synthesis Settings                                                                                             ;
+---------------------------------------------------------------------------------+--------------------+--------------------+
; Option                                                                          ; Setting            ; Default Value      ;
+---------------------------------------------------------------------------------+--------------------+--------------------+
; Device                                                                          ; 5CSEMA4U23C6       ;                    ;
; Top-level entity name                                                           ; ADCModule          ; adc-uart           ;
; Family name                                                                     ; Cyclone V          ; Cyclone V          ;
; Use smart compilation                                                           ; Off                ; Off                ;
; Enable parallel Assembler and Timing Analyzer during compilation                ; On                 ; On                 ;
; Enable compact report table                                                     ; Off                ; Off                ;
; Restructure Multiplexers                                                        ; Auto               ; Auto               ;
; MLAB Add Timing Constraints For Mixed-Port Feed-Through Mode Setting Don't Care ; Off                ; Off                ;
; Create Debugging Nodes for IP Cores                                             ; Off                ; Off                ;
; Preserve fewer node names                                                       ; On                 ; On                 ;
; Intel FPGA IP Evaluation Mode                                                   ; Enable             ; Enable             ;
; Verilog Version                                                                 ; Verilog_2001       ; Verilog_2001       ;
; VHDL Version                                                                    ; VHDL_1993          ; VHDL_1993          ;
; State Machine Processing                                                        ; Auto               ; Auto               ;
; Safe State Machine                                                              ; Off                ; Off                ;
; Extract Verilog State Machines                                                  ; On                 ; On                 ;
; Extract VHDL State Machines                                                     ; On                 ; On                 ;
; Ignore Verilog initial constructs                                               ; Off                ; Off                ;
; Iteration limit for constant Verilog loops                                      ; 5000               ; 5000               ;
; Iteration limit for non-constant Verilog loops                                  ; 250                ; 250                ;
; Add Pass-Through Logic to Inferred RAMs                                         ; On                 ; On                 ;
; Infer RAMs from Raw Logic                                                       ; On                 ; On                 ;
; Parallel Synthesis                                                              ; On                 ; On                 ;
; DSP Block Balancing                                                             ; Auto               ; Auto               ;
; NOT Gate Push-Back                                                              ; On                 ; On                 ;
; Power-Up Don't Care                                                             ; On                 ; On                 ;
; Remove Redundant Logic Cells                                                    ; Off                ; Off                ;
; Remove Duplicate Registers                                                      ; On                 ; On                 ;
; Ignore CARRY Buffers                                                            ; Off                ; Off                ;
; Ignore CASCADE Buffers                                                          ; Off                ; Off                ;
; Ignore GLOBAL Buffers                                                           ; Off                ; Off                ;
; Ignore ROW GLOBAL Buffers                                                       ; Off                ; Off                ;
; Ignore LCELL Buffers                                                            ; Off                ; Off                ;
; Ignore SOFT Buffers                                                             ; On                 ; On                 ;
; Limit AHDL Integers to 32 Bits                                                  ; Off                ; Off                ;
; Optimization Technique                                                          ; Balanced           ; Balanced           ;
; Carry Chain Length                                                              ; 70                 ; 70                 ;
; Auto Carry Chains                                                               ; On                 ; On                 ;
; Auto Open-Drain Pins                                                            ; On                 ; On                 ;
; Perform WYSIWYG Primitive Resynthesis                                           ; Off                ; Off                ;
; Auto ROM Replacement                                                            ; On                 ; On                 ;
; Auto RAM Replacement                                                            ; On                 ; On                 ;
; Auto DSP Block Replacement                                                      ; On                 ; On                 ;
; Auto Shift Register Replacement                                                 ; Auto               ; Auto               ;
; Allow Shift Register Merging across Hierarchies                                 ; Auto               ; Auto               ;
; Auto Clock Enable Replacement                                                   ; On                 ; On                 ;
; Strict RAM Replacement                                                          ; Off                ; Off                ;
; Allow Synchronous Control Signals                                               ; On                 ; On                 ;
; Force Use of Synchronous Clear Signals                                          ; Off                ; Off                ;
; Auto Resource Sharing                                                           ; Off                ; Off                ;
; Allow Any RAM Size For Recognition                                              ; Off                ; Off                ;
; Allow Any ROM Size For Recognition                                              ; Off                ; Off                ;
; Allow Any Shift Register Size For Recognition                                   ; Off                ; Off                ;
; Use LogicLock Constraints during Resource Balancing                             ; On                 ; On                 ;
; Ignore translate_off and synthesis_off directives                               ; Off                ; Off                ;
; Timing-Driven Synthesis                                                         ; On                 ; On                 ;
; Report Parameter Settings                                                       ; On                 ; On                 ;
; Report Source Assignments                                                       ; On                 ; On                 ;
; Report Connectivity Checks                                                      ; On                 ; On                 ;
; Ignore Maximum Fan-Out Assignments                                              ; Off                ; Off                ;
; Synchronization Register Chain Length                                           ; 3                  ; 3                  ;
; Power Optimization During Synthesis                                             ; Normal compilation ; Normal compilation ;
; HDL message level                                                               ; Level2             ; Level2             ;
; Suppress Register Optimization Related Messages                                 ; Off                ; Off                ;
; Number of Removed Registers Reported in Synthesis Report                        ; 5000               ; 5000               ;
; Number of Swept Nodes Reported in Synthesis Report                              ; 5000               ; 5000               ;
; Number of Inverted Registers Reported in Synthesis Report                       ; 100                ; 100                ;
; Clock MUX Protection                                                            ; On                 ; On                 ;
; Auto Gated Clock Conversion                                                     ; Off                ; Off                ;
; Block Design Naming                                                             ; Auto               ; Auto               ;
; SDC constraint protection                                                       ; Off                ; Off                ;
; Synthesis Effort                                                                ; Auto               ; Auto               ;
; Shift Register Replacement - Allow Asynchronous Clear Signal                    ; On                 ; On                 ;
; Pre-Mapping Resynthesis Optimization                                            ; Off                ; Off                ;
; Analysis & Synthesis Message Level                                              ; Medium             ; Medium             ;
; Disable Register Merging Across Hierarchies                                     ; Auto               ; Auto               ;
; Resource Aware Inference For Block RAM                                          ; On                 ; On                 ;
; Automatic Parallel Synthesis                                                    ; On                 ; On                 ;
; Partial Reconfiguration Bitstream ID                                            ; Off                ; Off                ;
+---------------------------------------------------------------------------------+--------------------+--------------------+


+------------------------------------------+
; Parallel Compilation                     ;
+----------------------------+-------------+
; Processors                 ; Number      ;
+----------------------------+-------------+
; Number detected on machine ; 4           ;
; Maximum allowed            ; 2           ;
;                            ;             ;
; Average used               ; 1.00        ;
; Maximum used               ; 2           ;
;                            ;             ;
; Usage by Processor         ; % Time Used ;
;     Processor 1            ; 100.0%      ;
;     Processor 2            ;   0.0%      ;
+----------------------------+-------------+


+--------------------------------------------------------------------------------------------------------------------------------------+
; Analysis & Synthesis Source Files Read                                                                                               ;
+----------------------------------+-----------------+-----------------+-----------------------------------------------------+---------+
; File Name with User-Entered Path ; Used in Netlist ; File Type       ; File Name with Absolute Path                        ; Library ;
+----------------------------------+-----------------+-----------------+-----------------------------------------------------+---------+
; ADCModule.vhd                    ; yes             ; User VHDL File  ; D:/COLLEGE/PKL LAPAN/PROJECT FIX/FPGA/ADCModule.vhd ;         ;
+----------------------------------+-----------------+-----------------+-----------------------------------------------------+---------+


+--------------------------------------------------------+
; Analysis & Synthesis Resource Usage Summary            ;
+---------------------------------------------+----------+
; Resource                                    ; Usage    ;
+---------------------------------------------+----------+
; Estimate of Logic utilization (ALMs needed) ; 143      ;
;                                             ;          ;
; Combinational ALUT usage for logic          ; 223      ;
;     -- 7 input functions                    ; 5        ;
;     -- 6 input functions                    ; 46       ;
;     -- 5 input functions                    ; 88       ;
;     -- 4 input functions                    ; 33       ;
;     -- <=3 input functions                  ; 51       ;
;                                             ;          ;
; Dedicated logic registers                   ; 141      ;
;                                             ;          ;
; I/O pins                                    ; 7        ;
;                                             ;          ;
; Total DSP Blocks                            ; 0        ;
;                                             ;          ;
; Maximum fan-out node                        ; clk_5Mhz ;
; Maximum fan-out                             ; 134      ;
; Total fan-out                               ; 1410     ;
; Average fan-out                             ; 3.73     ;
+---------------------------------------------+----------+


+----------------------------------------------------------------------------------------------------------------------------------------------------------------------------------------+
; Analysis & Synthesis Resource Utilization by Entity                                                                                                                                    ;
+----------------------------+---------------------+---------------------------+-------------------+------------+------+--------------+---------------------+-------------+--------------+
; Compilation Hierarchy Node ; Combinational ALUTs ; Dedicated Logic Registers ; Block Memory Bits ; DSP Blocks ; Pins ; Virtual Pins ; Full Hierarchy Name ; Entity Name ; Library Name ;
+----------------------------+---------------------+---------------------------+-------------------+------------+------+--------------+---------------------+-------------+--------------+
; |ADCModule                 ; 223 (223)           ; 141 (141)                 ; 0                 ; 0          ; 7    ; 0            ; |ADCModule          ; ADCModule   ; work         ;
+----------------------------+---------------------+---------------------------+-------------------+------------+------+--------------+---------------------+-------------+--------------+
Note: For table entries with two numbers listed, the numbers in parentheses indicate the number of resources of the given type used by the specific entity alone. The numbers listed outside of parentheses indicate the total resources of the given type used by the specific entity and all of its sub-entities in the hierarchy.


Encoding Type:  One-Hot
+-------------------------------------------------------------------------------------------------------------------------------+
; State Machine - |ADCModule|prepare_state_sig                                                                                  ;
+-------------------------+------------------------+-------------------------+-------------------------+------------------------+
; Name                    ; prepare_state_sig.save ; prepare_state_sig.shift ; prepare_state_sig.check ; prepare_state_sig.idle ;
+-------------------------+------------------------+-------------------------+-------------------------+------------------------+
; prepare_state_sig.idle  ; 0                      ; 0                       ; 0                       ; 0                      ;
; prepare_state_sig.check ; 0                      ; 0                       ; 1                       ; 1                      ;
; prepare_state_sig.shift ; 0                      ; 1                       ; 0                       ; 1                      ;
; prepare_state_sig.save  ; 1                      ; 0                       ; 0                       ; 1                      ;
+-------------------------+------------------------+-------------------------+-------------------------+------------------------+


Encoding Type:  One-Hot
+-------------------------------------------------------------------------------------------------------------------------------------------+
; State Machine - |ADCModule|adc_state_sig                                                                                                  ;
+-----------------------+-----------------------+-------------------+-----------------------+-----------------------+-----------------------+
; Name                  ; adc_state_sig.acquire ; adc_state_sig.nap ; adc_state_sig.sending ; adc_state_sig.prepare ; adc_state_sig.convert ;
+-----------------------+-----------------------+-------------------+-----------------------+-----------------------+-----------------------+
; adc_state_sig.convert ; 0                     ; 0                 ; 0                     ; 0                     ; 0                     ;
; adc_state_sig.prepare ; 0                     ; 0                 ; 0                     ; 1                     ; 1                     ;
; adc_state_sig.sending ; 0                     ; 0                 ; 1                     ; 0                     ; 1                     ;
; adc_state_sig.nap     ; 0                     ; 1                 ; 0                     ; 0                     ; 1                     ;
; adc_state_sig.acquire ; 1                     ; 0                 ; 0                     ; 0                     ; 1                     ;
+-----------------------+-----------------------+-------------------+-----------------------+-----------------------+-----------------------+


Encoding Type:  One-Hot
+--------------------------------------------------------------------------------------------+
; State Machine - |ADCModule|state_sig                                                       ;
+-------------------+-----------------+-------------------+---------------+------------------+
; Name              ; state_sig.delay ; state_sig.newline ; state_sig.adc ; state_sig.header ;
+-------------------+-----------------+-------------------+---------------+------------------+
; state_sig.header  ; 0               ; 0                 ; 0             ; 0                ;
; state_sig.adc     ; 0               ; 0                 ; 1             ; 1                ;
; state_sig.newline ; 0               ; 1                 ; 0             ; 1                ;
; state_sig.delay   ; 1               ; 0                 ; 0             ; 1                ;
+-------------------+-----------------+-------------------+---------------+------------------+


Encoding Type:  One-Hot
+-----------------------------------------------------------------------------------------------------------------------------------------+
; State Machine - |ADCModule|sending_state_sig                                                                                            ;
+------------------------------+------------------------+------------------------+-------------------------+------------------------------+
; Name                         ; sending_state_sig.stop ; sending_state_sig.data ; sending_state_sig.start ; sending_state_sig.uart_start ;
+------------------------------+------------------------+------------------------+-------------------------+------------------------------+
; sending_state_sig.uart_start ; 0                      ; 0                      ; 0                       ; 0                            ;
; sending_state_sig.start      ; 0                      ; 0                      ; 1                       ; 1                            ;
; sending_state_sig.data       ; 0                      ; 1                      ; 0                       ; 1                            ;
; sending_state_sig.stop       ; 1                      ; 0                      ; 0                       ; 1                            ;
+------------------------------+------------------------+------------------------+-------------------------+------------------------------+


+-----------------------------------------------------------------------------------------------------+
; User-Specified and Inferred Latches                                                                 ;
+----------------------------------------------------+-----------------------+------------------------+
; Latch Name                                         ; Latch Enable Signal   ; Free of Timing Hazards ;
+----------------------------------------------------+-----------------------+------------------------+
; clk_sck$latch                                      ; adc_state_sig.acquire ; yes                    ;
; Number of user-specified and inferred latches = 1  ;                       ;                        ;
+----------------------------------------------------+-----------------------+------------------------+
Note: All latches listed above may not be present at the end of synthesis due to various synthesis optimizations.


+---------------------------------------------------------------------------------+
; Registers Removed During Synthesis                                              ;
+----------------------------------------+----------------------------------------+
; Register name                          ; Reason for Removal                     ;
+----------------------------------------+----------------------------------------+
; uart_tx_data[6,7]                      ; Stuck at GND due to stuck port data_in ;
; uart_tx_data[5]                        ; Stuck at VCC due to stuck port data_in ;
; clk_scaler[1,5,8,9,11..31]             ; Merged with clk_scaler[10]             ;
; clk_scaler[4,6,7]                      ; Merged with clk_scaler[3]              ;
; din_byte[4]                            ; Merged with din_byte[0]                ;
; clk_scaler[0]                          ; Stuck at VCC due to stuck port data_in ;
; din_byte[5]                            ; Stuck at GND due to stuck port data_in ;
; clk_scaler[10]                         ; Stuck at GND due to stuck port data_in ;
; newline_byte_cnt[3]                    ; Stuck at GND due to stuck port data_in ;
; header_byte_cnt[3]                     ; Stuck at GND due to stuck port data_in ;
; Total Number of Removed Registers = 37 ;                                        ;
+----------------------------------------+----------------------------------------+


+------------------------------------------------------+
; General Register Statistics                          ;
+----------------------------------------------+-------+
; Statistic                                    ; Value ;
+----------------------------------------------+-------+
; Total registers                              ; 141   ;
; Number of registers using Synchronous Clear  ; 22    ;
; Number of registers using Synchronous Load   ; 12    ;
; Number of registers using Asynchronous Clear ; 0     ;
; Number of registers using Asynchronous Load  ; 0     ;
; Number of registers using Clock Enable       ; 80    ;
; Number of registers using Preset             ; 0     ;
+----------------------------------------------+-------+


+--------------------------------------------------+
; Inverted Register Statistics                     ;
+----------------------------------------+---------+
; Inverted Register                      ; Fan out ;
+----------------------------------------+---------+
; clk_scaler[2]                          ; 4       ;
; Total number of inverted registers = 1 ;         ;
+----------------------------------------+---------+


+-----------------------------------------------------------------------------------------------------------------------------------------------+
; Multiplexer Restructuring Statistics (Restructuring Performed)                                                                                ;
+--------------------+-----------+---------------+----------------------+------------------------+------------+---------------------------------+
; Multiplexer Inputs ; Bus Width ; Baseline Area ; Area if Restructured ; Saving if Restructured ; Registered ; Example Multiplexer Output      ;
+--------------------+-----------+---------------+----------------------+------------------------+------------+---------------------------------+
; 3:1                ; 11 bits   ; 22 LEs        ; 0 LEs                ; 22 LEs                 ; Yes        ; |ADCModule|adc_data_modified[2] ;
; 5:1                ; 4 bits    ; 12 LEs        ; 12 LEs               ; 0 LEs                  ; Yes        ; |ADCModule|uart_tx_data[2]      ;
; 5:1                ; 2 bits    ; 6 LEs         ; 2 LEs                ; 4 LEs                  ; Yes        ; |ADCModule|din_byte[5]          ;
; 5:1                ; 4 bits    ; 12 LEs        ; 8 LEs                ; 4 LEs                  ; Yes        ; |ADCModule|bcd[15]              ;
; 5:1                ; 4 bits    ; 12 LEs        ; 8 LEs                ; 4 LEs                  ; Yes        ; |ADCModule|bcd[8]               ;
; 5:1                ; 4 bits    ; 12 LEs        ; 8 LEs                ; 4 LEs                  ; Yes        ; |ADCModule|bcd[7]               ;
; 5:1                ; 4 bits    ; 12 LEs        ; 8 LEs                ; 4 LEs                  ; Yes        ; |ADCModule|bcd[0]               ;
; 6:1                ; 3 bits    ; 12 LEs        ; 6 LEs                ; 6 LEs                  ; Yes        ; |ADCModule|channel_index[2]     ;
; 6:1                ; 2 bits    ; 8 LEs         ; 2 LEs                ; 6 LEs                  ; Yes        ; |ADCModule|clk_scaler[10]       ;
; 8:1                ; 4 bits    ; 20 LEs        ; 8 LEs                ; 12 LEs                 ; Yes        ; |ADCModule|counter[1]           ;
; 10:1               ; 3 bits    ; 18 LEs        ; 6 LEs                ; 12 LEs                 ; Yes        ; |ADCModule|send_cnt[2]          ;
; 9:1                ; 2 bits    ; 12 LEs        ; 2 LEs                ; 10 LEs                 ; Yes        ; |ADCModule|clk_scaler[2]        ;
; 3:1                ; 4 bits    ; 8 LEs         ; 8 LEs                ; 0 LEs                  ; No         ; |ADCModule|uart_byte_cnt        ;
; 6:1                ; 2 bits    ; 8 LEs         ; 4 LEs                ; 4 LEs                  ; No         ; |ADCModule|Selector163          ;
; 8:1                ; 2 bits    ; 10 LEs        ; 6 LEs                ; 4 LEs                  ; No         ; |ADCModule|Selector164          ;
; 12:1               ; 5 bits    ; 40 LEs        ; 20 LEs               ; 20 LEs                 ; No         ; |ADCModule|adc_state_sig        ;
+--------------------+-----------+---------------+----------------------+------------------------+------------+---------------------------------+


+-----------------------------------------------------+
; Post-Synthesis Netlist Statistics for Top Partition ;
+-----------------------+-----------------------------+
; Type                  ; Count                       ;
+-----------------------+-----------------------------+
; arriav_ff             ; 141                         ;
;     ENA               ; 55                          ;
;     ENA SCLR          ; 13                          ;
;     ENA SLD           ; 12                          ;
;     SCLR              ; 9                           ;
;     plain             ; 52                          ;
; arriav_lcell_comb     ; 223                         ;
;     arith             ; 22                          ;
;         1 data inputs ; 22                          ;
;     extend            ; 5                           ;
;         7 data inputs ; 5                           ;
;     normal            ; 196                         ;
;         1 data inputs ; 4                           ;
;         2 data inputs ; 13                          ;
;         3 data inputs ; 12                          ;
;         4 data inputs ; 33                          ;
;         5 data inputs ; 88                          ;
;         6 data inputs ; 46                          ;
; boundary_port         ; 7                           ;
;                       ;                             ;
; Max LUT depth         ; 3.00                        ;
; Average LUT depth     ; 1.92                        ;
+-----------------------+-----------------------------+


+-------------------------------+
; Elapsed Time Per Partition    ;
+----------------+--------------+
; Partition Name ; Elapsed Time ;
+----------------+--------------+
; Top            ; 00:00:03     ;
+----------------+--------------+


+-------------------------------+
; Analysis & Synthesis Messages ;
+-------------------------------+
Info: *******************************************************************
Info: Running Quartus Prime Analysis & Synthesis
    Info: Version 18.1.0 Build 625 09/12/2018 SJ Lite Edition
    Info: Processing started: Wed Jan 16 11:02:20 2019
Info: Command: quartus_map --read_settings_files=on --write_settings_files=off adc-uart -c adc-uart
Warning (18236): Number of processors has not been specified which may cause overloading on shared machines.  Set the global assignment NUM_PARALLEL_PROCESSORS in your QSF to an appropriate value for best performance.
Info (20030): Parallel compilation is enabled and will use 2 of the 2 processors detected
Info (12021): Found 2 design units, including 1 entities, in source file adcmodule.vhd
    Info (12022): Found design unit 1: ADCModule-spiMaster_arc File: D:/COLLEGE/PKL LAPAN/PROJECT FIX/FPGA/ADCModule.vhd Line: 33
    Info (12023): Found entity 1: ADCModule File: D:/COLLEGE/PKL LAPAN/PROJECT FIX/FPGA/ADCModule.vhd Line: 12
Info (12127): Elaborating entity "ADCModule" for the top level hierarchy
Warning (10540): VHDL Signal Declaration warning at ADCModule.vhd(58): used explicit default value for signal "header_bits" because signal was never assigned a value File: D:/COLLEGE/PKL LAPAN/PROJECT FIX/FPGA/ADCModule.vhd Line: 58
Warning (10540): VHDL Signal Declaration warning at ADCModule.vhd(62): used explicit default value for signal "newline_bits" because signal was never assigned a value File: D:/COLLEGE/PKL LAPAN/PROJECT FIX/FPGA/ADCModule.vhd Line: 62
Warning (10492): VHDL Process Statement warning at ADCModule.vhd(100): signal "adc_state_sig" is read inside the Process Statement but isn't in the Process Statement's sensitivity list File: D:/COLLEGE/PKL LAPAN/PROJECT FIX/FPGA/ADCModule.vhd Line: 100
Warning (10631): VHDL Process Statement warning at ADCModule.vhd(98): inferring latch(es) for signal or variable "clk_sck", which holds its previous value in one or more paths through the process File: D:/COLLEGE/PKL LAPAN/PROJECT FIX/FPGA/ADCModule.vhd Line: 98
Info (10041): Inferred latch for "clk_sck" at ADCModule.vhd(98) File: D:/COLLEGE/PKL LAPAN/PROJECT FIX/FPGA/ADCModule.vhd Line: 98
Info (286030): Timing-Driven Synthesis is running
Info (16010): Generating hard_block partition "hard_block:auto_generated_inst"
    Info (16011): Adding 0 node(s), including 0 DDIO, 0 PLL, 0 transceiver and 0 LCELL
Info (21057): Implemented 245 device resources after synthesis - the final resource count might be different
    Info (21058): Implemented 2 input pins
    Info (21059): Implemented 5 output pins
    Info (21061): Implemented 238 logic cells
Info: Quartus Prime Analysis & Synthesis was successful. 0 errors, 5 warnings
    Info: Peak virtual memory: 4875 megabytes
    Info: Processing ended: Wed Jan 16 11:02:40 2019
    Info: Elapsed time: 00:00:20
    Info: Total CPU time (on all processors): 00:00:34


